<?xml version="1.0" encoding="UTF-8"?>
<!-- Generated by org.testng.reporters.JUnitReportReporter -->
<testsuite hostname="Kris-Laptop" name="TestNG.TestNG_TestClass1" tests="2" failures="0" timestamp="27 Jun 2017 11:53:44 GMT" time="0.030" errors="0">
  <testcase name="testMethod2" time="0.003" classname="TestNG.TestNG_TestClass1"/>
  <testcase name="testMethod1" time="0.027" classname="TestNG.TestNG_TestClass1"/>
</testsuite> <!-- TestNG.TestNG_TestClass1 -->
